<?xml version="1.0" encoding="UTF-8"?>
<testsuite xmlns:xsi="http://www.w3.org/2001/XMLSchema-instance" xsi:noNamespaceSchemaLocation="https://maven.apache.org/surefire/maven-surefire-plugin/xsd/surefire-test-report.xsd" version="3.0.2" name="com.chess.engine.moves.PerftTest" time="0.291" tests="8" errors="0" skipped="0" failures="0">
  <properties>
[...]
</properties>
  <testcase name="initialPositionPerftDepthOneMatchesCommunityStandard" classname="com.chess.engine.moves.PerftTest" time="0.032"/>
  <testcase name="fenRoundTripPreservesBoardState" classname="com.chess.engine.moves.PerftTest" time="0.005"/>
  <testcase name="endgamePositionGeneratesPromotionMoves" classname="com.chess.engine.moves.PerftTest" time="0.003"/>
  <testcase name="malformedFenThrowsIllegalArgumentException" classname="com.chess.engine.moves.PerftTest" time="0.004"/>
  <testcase name="initialPositionPerftDepthThreeMatchesCommunityStandard" classname="com.chess.engine.moves.PerftTest" time="0.023"/>
  <testcase name="initialPositionPerftDepthTwoMatchesCommunityStandard" classname="com.chess.engine.moves.PerftTest" time="0.002"/>
  <testcase name="kiwipetePerftDepthThreeMatchesCommunityStandard" classname="com.chess.engine.moves.PerftTest" time="0.091"/>
  <testcase name="initialPositionPerftDepthFourMatchesCommunityStandard" classname="com.chess.engine.moves.PerftTest" time="0.084"/>
</testsuite>